[NX Daemon Server] - 2024-01-06T09:58:03.806Z - Started listening on: /var/folders/cd/h47z2vj97kx_t3j3ggpmjl5m0000gp/T/035359171bb6b79c87d6/d.sock
[NX Daemon Server] - 2024-01-06T09:58:03.813Z - [WATCHER]: Subscribed to changes within: /Users/mbuffa2/Documents/Cours/2023_2024/MIAGE/M2 INTENSE/Rabat/assignment-app (native)
[NX Daemon Server] - 2024-01-06T09:58:03.814Z - Established a connection. Number of open connections: 1
[NX Daemon Server] - 2024-01-06T09:58:03.815Z - Established a connection. Number of open connections: 2
[NX Daemon Server] - 2024-01-06T09:58:03.818Z - [REQUEST]: Client Request for Project Graph Received
[NX Daemon Server] - 2024-01-06T09:58:03.819Z - [REQUEST]: Updated workspace context based on watched changes, recomputing project graph...
[NX Daemon Server] - 2024-01-06T09:58:03.819Z - [REQUEST]: 
[NX Daemon Server] - 2024-01-06T09:58:03.820Z - [REQUEST]: 
[NX Daemon Server] - 2024-01-06T09:58:03.905Z - [REQUEST]: Responding to the client. project-graph
[NX Daemon Server] - 2024-01-06T09:58:03.907Z - Time taken for 'total for creating and serializing project graph' 86.95571517944336ms
[NX Daemon Server] - 2024-01-06T09:58:03.907Z - Closed a connection. Number of open connections: 1
[NX Daemon Server] - 2024-01-06T09:58:03.907Z - [WATCHER]: Processing file changes in outputs
[NX Daemon Server] - 2024-01-06T09:58:03.910Z - Done responding to the client project-graph
[NX Daemon Server] - 2024-01-06T09:58:03.910Z - Handled REQUEST_PROJECT_GRAPH. Handling time: 87. Response time: 5.
[NX Daemon Server] - 2024-01-06T09:58:03.913Z - Closed a connection. Number of open connections: 0
[NX Daemon Server] - 2024-01-06T09:58:03.914Z - Established a connection. Number of open connections: 1
[NX Daemon Server] - 2024-01-06T09:58:03.915Z - Closed a connection. Number of open connections: 0
[NX Daemon Server] - 2024-01-06T09:58:03.915Z - Established a connection. Number of open connections: 1
[NX Daemon Server] - 2024-01-06T09:58:03.916Z - [REQUEST]: Responding to the client. handleRequestFileData
[NX Daemon Server] - 2024-01-06T09:58:03.916Z - Done responding to the client handleRequestFileData
[NX Daemon Server] - 2024-01-06T09:58:03.916Z - Handled REQUEST_FILE_DATA. Handling time: 0. Response time: 0.
[NX Daemon Server] - 2024-01-06T09:58:03.965Z - [WATCHER]: Processing file changes in outputs
